2022-01-25 21:04:34.584  INFO 5696 --- [restartedMain] c.ewei.pma.ProjectManagementApplication  : Starting ProjectManagementApplication on DESKTOP-P1J3APE with PID 5696 (started by Ethan Wei in c:\Users\Ethan Wei\eclipse-workspace\project-management)
2022-01-25 21:04:34.620 DEBUG 5696 --- [restartedMain] c.ewei.pma.ProjectManagementApplication  : Running with Spring Boot v2.1.4.RELEASE, Spring v5.1.6.RELEASE
2022-01-25 21:04:34.622  INFO 5696 --- [restartedMain] c.ewei.pma.ProjectManagementApplication  : The following profiles are active: dev
2022-01-25 21:04:35.017  INFO 5696 --- [restartedMain] .e.DevToolsPropertyDefaultsPostProcessor : Devtools property defaults active! Set 'spring.devtools.add-properties' to 'false' to disable
2022-01-25 21:04:35.019  INFO 5696 --- [restartedMain] .e.DevToolsPropertyDefaultsPostProcessor : For additional web related logging consider setting the 'logging.level.web' property to 'DEBUG'
2022-01-25 21:04:40.399  INFO 5696 --- [restartedMain] .s.d.r.c.RepositoryConfigurationDelegate : Bootstrapping Spring Data repositories in DEFAULT mode.
2022-01-25 21:04:40.727  INFO 5696 --- [restartedMain] .s.d.r.c.RepositoryConfigurationDelegate : Finished Spring Data repository scanning in 295ms. Found 5 repository interfaces.
2022-01-25 21:04:42.223  INFO 5696 --- [restartedMain] trationDelegate$BeanPostProcessorChecker : Bean 'org.springframework.transaction.annotation.ProxyTransactionManagementConfiguration' of type [org.springframework.transaction.annotation.ProxyTransactionManagementConfiguration$$EnhancerBySpringCGLIB$$4fe2f9dd] is not eligible for getting processed by all BeanPostProcessors (for example: not eligible for auto-proxying)
2022-01-25 21:04:42.432  INFO 5696 --- [restartedMain] trationDelegate$BeanPostProcessorChecker : Bean 'org.springframework.hateoas.config.HateoasConfiguration' of type [org.springframework.hateoas.config.HateoasConfiguration$$EnhancerBySpringCGLIB$$cf63470f] is not eligible for getting processed by all BeanPostProcessors (for example: not eligible for auto-proxying)
2022-01-25 21:04:44.026  INFO 5696 --- [restartedMain] o.s.b.w.embedded.tomcat.TomcatWebServer  : Tomcat initialized with port(s): 8080 (http)
2022-01-25 21:04:44.459  INFO 5696 --- [restartedMain] o.s.web.context.ContextLoader            : Root WebApplicationContext: initialization completed in 9435 ms
2022-01-25 21:04:51.390  INFO 5696 --- [restartedMain] j.LocalContainerEntityManagerFactoryBean : Initialized JPA EntityManagerFactory for persistence unit 'default'
2022-01-25 21:04:55.085  INFO 5696 --- [restartedMain] o.s.s.web.DefaultSecurityFilterChain     : Creating filter chain: any request, [org.springframework.security.web.context.request.async.WebAsyncManagerIntegrationFilter@644db7, org.springframework.security.web.context.SecurityContextPersistenceFilter@3d66e230, org.springframework.security.web.header.HeaderWriterFilter@210186cb, org.springframework.security.web.authentication.logout.LogoutFilter@63982ecf, org.springframework.security.web.authentication.UsernamePasswordAuthenticationFilter@18e5b78, org.springframework.security.web.savedrequest.RequestCacheAwareFilter@1ab36c3b, org.springframework.security.web.servletapi.SecurityContextHolderAwareRequestFilter@116a236d, org.springframework.security.web.authentication.rememberme.RememberMeAuthenticationFilter@60eb577e, org.springframework.security.web.authentication.AnonymousAuthenticationFilter@5e0657fb, org.springframework.security.web.session.SessionManagementFilter@6f8d4252, org.springframework.security.web.access.ExceptionTranslationFilter@4cd3b022, org.springframework.security.web.access.intercept.FilterSecurityInterceptor@1533ade1]
2022-01-25 21:04:55.623  INFO 5696 --- [restartedMain] o.s.s.concurrent.ThreadPoolTaskExecutor  : Initializing ExecutorService 'applicationTaskExecutor'
2022-01-25 21:04:55.761  WARN 5696 --- [restartedMain] aWebConfiguration$JpaWebMvcConfiguration : spring.jpa.open-in-view is enabled by default. Therefore, database queries may be performed during view rendering. Explicitly configure spring.jpa.open-in-view to disable this warning
2022-01-25 21:04:57.383  INFO 5696 --- [restartedMain] o.s.b.d.a.OptionalLiveReloadServer       : LiveReload server is running on port 35729
2022-01-25 21:04:57.529  INFO 5696 --- [restartedMain] o.s.b.w.embedded.tomcat.TomcatWebServer  : Tomcat started on port(s): 8080 (http) with context path ''
2022-01-25 21:04:57.549  INFO 5696 --- [restartedMain] c.ewei.pma.ProjectManagementApplication  : Started ProjectManagementApplication in 24.76 seconds (JVM running for 30.045)
2022-01-25 21:06:20.132  INFO 5696 --- [http-nio-8080-exec-2] o.s.web.servlet.DispatcherServlet        : Initializing Servlet 'dispatcherServlet'
2022-01-25 21:06:20.189  INFO 5696 --- [http-nio-8080-exec-2] o.s.web.servlet.DispatcherServlet        : Completed initialization in 56 ms
2022-01-25 21:06:21.156  WARN 5696 --- [http-nio-8080-exec-2] o.a.c.util.SessionIdGeneratorBase        : Creation of SecureRandom instance for session ID generation using [SHA1PRNG] took [115] milliseconds.
